ALOGIT S & A (C) ALOGIT 4.3 serial 4393
Licensed to: Pudget Sound Regional Council                               
 
Joint Tour frequency and purpose                                               

C:.. (x86)\HCG Software\ALOGIT 4\Alo4nec.exe 551424 b. Date:  4 Jan 13 at 15:23 
 
INFORMATION 246:   FILE  1 : first main file
C:..2.1\estimation\JointTourGeneration.dat    1.972 Mb Date:  8 Feb 13 at 15:35
 
INFORMATION 163: control file completed:   404 lines
C:..c_2.1\estimation\JointTourGeneration.alo  12934 b. Date:  8 Feb 13 at 15:35
 
Function defined in control file: PREP & ESTIM
 
WARNING 152: coefficient Beta00001  not used in model
 
WARNING 152: coefficient Beta00004  not used in model
 
WARNING 152: coefficient Beta00006  not used in model
 
WARNING 152: coefficient Beta00007  not used in model
 
WARNING 152: coefficient Beta00008  not used in model
 
WARNING 152: coefficient Beta00009  not used in model
 
WARNING 152: coefficient Beta00010  not used in model
 
WARNING 152: coefficient Beta00011  not used in model
 
WARNING 152: coefficient Beta00014  not used in model
 
WARNING 152: coefficient Beta00016  not used in model
 
WARNING 152: coefficient Beta00017  not used in model
 
WARNING 152: coefficient Beta00018  not used in model
 
WARNING 152: coefficient Beta00019  not used in model
 
WARNING 152: coefficient Beta00020  not used in model
 
WARNING 152: coefficient Beta00031  not used in model
 
WARNING 152: coefficient Beta00032  not used in model
 
WARNING 152: coefficient Beta00033  not used in model
 
WARNING 152: coefficient Beta00034  not used in model
 
WARNING 152: coefficient Beta00035  not used in model
 
WARNING 152: coefficient Beta00036  not used in model
 
WARNING 152: coefficient Beta00037  not used in model
 
WARNING 152: coefficient Beta00038  not used in model
 
WARNING 152: coefficient Beta00039  not used in model
 
WARNING 152: coefficient Beta00040  not used in model
 
WARNING 152: coefficient Beta00052  not used in model
 
WARNING 152: coefficient Beta00053  not used in model
 
WARNING 152: coefficient Beta00054  not used in model
 
WARNING 152: coefficient Beta00055  not used in model
 
WARNING 152: coefficient Beta00056  not used in model
 
WARNING 152: coefficient Beta00057  not used in model
 
WARNING 152: coefficient Beta00058  not used in model
 
WARNING 152: coefficient Beta00059  not used in model
 
WARNING 152: coefficient Theta0060  not used in model
 
WARNING 152: coefficient Beta00066  not used in model
 
WARNING 152: coefficient Beta00072  not used in model
 
WARNING 152: coefficient Beta00073  not used in model
 
WARNING 152: coefficient Beta00074  not used in model
 
WARNING 152: coefficient Beta00075  not used in model
 
WARNING 152: coefficient Beta00076  not used in model
 
WARNING 152: coefficient Beta00077  not used in model
 
WARNING 152: coefficient Beta00078  not used in model
 
WARNING 152: coefficient Beta00079  not used in model
 
WARNING 152: coefficient Beta00080  not used in model
 
WARNING 152: coefficient Beta00091  not used in model
 
WARNING 152: coefficient Beta00092  not used in model
 
WARNING 152: coefficient Beta00094  not used in model
 
WARNING 152: coefficient Beta00095  not used in model
 
WARNING 152: coefficient Beta00096  not used in model
 
WARNING 152: coefficient Beta00097  not used in model
 
WARNING 152: coefficient Beta00098  not used in model
 
WARNING 152: coefficient Beta00099  not used in model
 
WARNING 152: coefficient Beta00100  not used in model
 
WARNING 152: coefficient Beta00113  not used in model
 
WARNING 152: coefficient Beta00114  not used in model
 
WARNING 152: coefficient Beta00115  not used in model
 
WARNING 152: coefficient Beta00116  not used in model
 
WARNING 152: coefficient Beta00117  not used in model
 
WARNING 152: coefficient Beta00118  not used in model
 
WARNING 152: coefficient Beta00119  not used in model
 
WARNING 152: coefficient Beta00120  not used in model
 
WARNING 152: coefficient Beta00127  not used in model
 
WARNING 152: coefficient Beta00132  not used in model
 
WARNING 152: coefficient Beta00133  not used in model
 
WARNING 152: coefficient Beta00134  not used in model
 
WARNING 152: coefficient Beta00135  not used in model
 
WARNING 152: coefficient Beta00136  not used in model
 
WARNING 152: coefficient Beta00137  not used in model
 
WARNING 152: coefficient Beta00138  not used in model
 
WARNING 152: coefficient Beta00139  not used in model
 
WARNING 152: coefficient Beta00140  not used in model
 
WARNING 152: coefficient Beta00141  not used in model
 
WARNING 152: coefficient Beta00142  not used in model
 
WARNING 152: coefficient Beta00143  not used in model
 
WARNING 152: coefficient Beta00144  not used in model
 
WARNING 152: coefficient Beta00145  not used in model
 
WARNING 152: coefficient Beta00146  not used in model
 
WARNING 152: coefficient Beta00147  not used in model
 
WARNING 152: coefficient Beta00148  not used in model
 
WARNING 152: coefficient Beta00149  not used in model
 
WARNING 152: coefficient Beta00150  not used in model
 
WARNING 152: coefficient Beta00161  not used in model
 
WARNING 152: coefficient Beta00163  not used in model
 
WARNING 152: coefficient Beta00164  not used in model
 
WARNING 152: coefficient Beta00165  not used in model
 
WARNING 152: coefficient Beta00166  not used in model
 
WARNING 152: coefficient Beta00167  not used in model
 
WARNING 152: coefficient Beta00168  not used in model
 
WARNING 152: coefficient Beta00169  not used in model
 
WARNING 152: coefficient Beta00170  not used in model
 
WARNING 152: coefficient Beta00171  not used in model
 
WARNING 152: coefficient Beta00172  not used in model
 
WARNING 152: coefficient Beta00173  not used in model
 
WARNING 152: coefficient Beta00174  not used in model
 
WARNING 152: coefficient Beta00175  not used in model
 
WARNING 152: coefficient Beta00176  not used in model
 
WARNING 152: coefficient Beta00177  not used in model
 
WARNING 152: coefficient Beta00178  not used in model
 
WARNING 152: coefficient Beta00179  not used in model
 
WARNING 152: coefficient Beta00180  not used in model
 
WARNING 152: coefficient Beta00181  not used in model
 
$GEN.STATS controls
 Utility components selected
    91 total items selected
 
$ESTIMATE controls
 Control present = T
 Estimation done = F
 Linear first    = T
 Estimate later  = F
 Accept error    = F
 
 
$ALGOR controls
 Maximum iterations          =  20
 Convergence level           =   .100000E-01
 1st derivative perp. test   =   .100000E-05
 Function rate of increase   =  -999.900
 Matrix inversion tolerance  =   .100000E-02
 Step reduction factor       =   .150000
 Convergence option          =   3
 Maximum step-reducing loops =   4
 
$ARRAY items
 DD(   93)
 
 
REPORT OF COEFFICIENTS
 
Label      Con   Value      Type
-------    ---   -----      -----
Beta00002   F    .0000      Utility
Beta00003   F    .0000      Utility
Beta00005   F    .0000      Utility
Beta00012   F    .0000      Utility
Beta00013   F    .0000      Utility
Beta00015   F    .0000      Utility
Beta00021   F    .0000      Utility
Beta00022   F    .0000      Utility
Beta00023   F    .0000      Utility
Beta00024   F    .0000      Utility
Beta00025   F    .0000      Utility
Beta00026   F    .0000      Utility
Beta00027   F    .0000      Utility
Beta00028   F    .0000      Utility
Beta00029   F    .0000      Utility
Beta00030   F    .0000      Utility
Beta00041   F    .0000      Utility
Beta00042   F    .0000      Utility
Beta00043   F    .0000      Utility
Beta00044   F    .0000      Utility
Beta00045   F    .0000      Utility
Beta00046   F    .0000      Utility
Beta00047   F    .0000      Utility
Beta00048   F    .0000      Utility
Beta00049   F    .0000      Utility
Beta00050   F    .0000      Utility
Beta00051   F    .0000      Utility
Beta00061   F    .0000      Utility
Beta00062   F    .0000      Utility
Beta00063   F    .0000      Utility
Beta00064   F    .0000      Utility
Beta00065   F    .0000      Utility
Beta00067   F    .0000      Utility
Beta00068   F    .0000      Utility
Beta00069   F    .0000      Utility
Beta00070   F    .0000      Utility
Beta00071   F    .0000      Utility
Beta00081   F    .0000      Utility
Beta00082   F    .0000      Utility
Beta00083   F    .0000      Utility
Beta00084   F    .0000      Utility
Beta00085   F    .0000      Utility
Beta00086   F    .0000      Utility
Beta00087   F    .0000      Utility
Beta00088   F    .0000      Utility
Beta00089   F    .0000      Utility
Beta00090   F    .0000      Utility
Beta00093   F    .0000      Utility
Beta00101   F    .0000      Utility
Beta00102   F    .0000      Utility
Beta00103   F    .0000      Utility
Beta00104   F    .0000      Utility
Beta00105   F    .0000      Utility
Beta00106   T    .0000      Utility
Beta00107   F    .0000      Utility
Beta00108   F    .0000      Utility
Beta00109   F    .0000      Utility
Beta00110   F    .0000      Utility
Beta00111   F    .0000      Utility
Beta00112   F    .0000      Utility
Beta00121   F    .0000      Utility
Beta00122   F    .0000      Utility
Beta00123   F    .0000      Utility
Beta00124   F    .0000      Utility
Beta00125   F    .0000      Utility
Beta00126   F    .0000      Utility
Beta00128   F    .0000      Utility
Beta00129   F    .0000      Utility
Beta00130   F    .0000      Utility
Beta00131   F    .0000      Utility
Beta00151   F    .0000      Utility
Beta00152   F    .0000      Utility
Beta00153   F    .0000      Utility
Beta00154   F    .0000      Utility
Beta00155   F    .0000      Utility
Beta00156   F    .0000      Utility
Beta00157   F    .0000      Utility
Beta00158   F    .0000      Utility
Beta00159   F    .0000      Utility
Beta00160   F    .0000      Utility
Beta00162   F    .0000      Utility
 
INFORMATION 001: control file processing      .27 secs.
 
INFORMATION 534: reached end of file   1 after     6776 records
 
Data input completed after  6776 records
 
 
FREQUENCY DISTRIBUTION OF ALTERNATIVE AVAILABILITY
(Total weight is    6776.00 )
 
Alternative    Chosen    Unchosen    Avail.    Unavail.
-----------  ---------  ---------  ---------  ---------
Alt.00001     4804.00    1972.00    6776.00        .00
Alt.00002         .00        .00        .00    6776.00
Alt.00003         .00        .00        .00    6776.00
Alt.00004      442.00    6334.00    6776.00        .00
Alt.00005      335.00    6441.00    6776.00        .00
Alt.00006      371.00    6405.00    6776.00        .00
Alt.00007      228.00    6548.00    6776.00        .00
Alt.00008      161.00    6615.00    6776.00        .00
Alt.00009      384.00    6392.00    6776.00        .00
Alt.00010       51.00    6725.00    6776.00        .00
 
 
RANGES OF INDEPENDENT VARIABLES
 
Coefficient   Chsn Min   Chsn Max   Diff Min   Diff Max
-----------  ---------  ---------  ---------  ---------
Beta00002         .00       1.00      -1.00       1.00
Beta00003         .00       1.00      -1.00       1.00
Beta00005         .00       2.00      -2.00       2.00
Beta00012         .00       3.00      -3.00       2.00
Beta00013         .00       4.00      -4.00       2.00
Beta00015         .00       6.96      -6.96       5.66
Beta00021         .00       2.00      -2.00       2.00
Beta00022         .00       2.00      -2.00       4.00
Beta00023         .00       3.00      -3.00       3.00
Beta00024         .00       4.00      -4.00       4.00
Beta00025         .00       4.00      -4.00       4.00
Beta00026         .00       2.00      -2.00       2.00
Beta00027         .00       2.00      -2.00       3.00
Beta00028         .00       5.00      -5.00       5.00
Beta00029         .00       3.00      -3.00       3.00
Beta00030         .00      10.00     -10.00      16.00
Beta00041         .00       2.00      -2.00       2.00
Beta00042         .00       3.00      -3.00       4.00
Beta00043         .00       3.00      -3.00       3.00
Beta00044         .00       4.00      -4.00       4.00
Beta00045         .00       4.00      -4.00       4.00
Beta00046         .00       1.00      -1.00       2.00
Beta00047         .00       1.00      -1.00       3.00
Beta00048         .00       3.00      -3.00       5.00
Beta00049         .00       2.00      -2.00       3.00
Beta00050         .00      10.00     -10.00      16.00
Beta00051         .00      22.20     -22.20      22.72
Beta00061         .00       2.00      -2.00       2.00
Beta00062         .00       2.00      -2.00       4.00
Beta00063         .00       2.00      -2.00       3.00
Beta00064         .00       4.00      -4.00       4.00
Beta00065         .00       4.00      -4.00       4.00
Beta00067         .00       1.00      -1.00       3.00
Beta00068         .00       2.00      -2.00       5.00
Beta00069         .00       3.00      -3.00       3.00
Beta00070         .00      11.00     -11.00      16.00
Beta00071         .00      20.45     -20.45      22.15
Beta00081         .00       2.00      -2.00       2.00
Beta00082         .00       2.00      -2.00       4.00
Beta00083         .00       2.00      -2.00       3.00
Beta00084         .00       2.00      -2.00       4.00
Beta00085         .00       4.00      -4.00       4.00
Beta00086         .00       1.00      -1.00       2.00
Beta00087         .00       1.00      -1.00       3.00
Beta00088         .00       3.00      -3.00       5.00
Beta00089         .00       2.00      -2.00       3.00
Beta00090         .00       8.00      -8.00      16.00
Beta00093         .00      16.88     -16.88      18.41
Beta00101         .00       2.00      -2.00       2.00
Beta00102         .00       2.00      -2.00       4.00
Beta00103         .00       2.00      -2.00       3.00
Beta00104         .00       2.00      -2.00       4.00
Beta00105         .00       4.00      -4.00       4.00
Beta00106         .00       1.00      -1.00       2.00
Beta00107         .00       2.00      -2.00       3.00
Beta00108         .00       3.00      -3.00       5.00
Beta00109         .00       2.00      -2.00       3.00
Beta00110         .00      12.00     -12.00      16.00
Beta00111         .00      25.45     -25.45      28.27
Beta00112         .00       3.54      -3.54       4.44
Beta00121         .00       2.00      -2.00       2.00
Beta00122         .00       1.00      -1.00       4.00
Beta00123         .00       1.00      -1.00       3.00
Beta00124         .00       4.00      -4.00       4.00
Beta00125         .00       2.00      -2.00       4.00
Beta00126         .00       1.00      -1.00       2.00
Beta00128         .00       5.00      -5.00       5.00
Beta00129         .00       2.00      -2.00       3.00
Beta00130         .00       8.00      -8.00      16.00
Beta00131         .00      24.93     -24.93      28.27
Beta00151         .00       2.00      -2.00       2.00
Beta00152         .00       2.00      -2.00       4.00
Beta00153         .00       3.00      -3.00       3.00
Beta00154         .00       4.00      -4.00       4.00
Beta00155         .00       4.00      -4.00       4.00
Beta00156         .00       1.00      -1.00       2.00
Beta00157         .00       1.00      -1.00       3.00
Beta00158         .00       5.00      -5.00       5.00
Beta00159         .00       3.00      -3.00       3.00
Beta00160         .00      10.00     -10.00      16.00
Beta00162         .00       3.00      -3.00       4.00
 
 
 
SELECTED STATISTICS
 
 
Alternative Alt.00001  avail. for      6776.00 obs.
 
Coefficient  Data Item  % Non-Zero  Minimum  Maximum  Average  Std. Dev.
-----------  ---------  ----------  -------  -------  -------  ---------
Beta00002    Temp 0001       21.64      .00     1.00     1.00        .00
Beta00003    Temp 0003        7.47      .00     1.00     1.00        .00
Beta00005    Temp 0004         .84      .00     2.00     1.21        .41
Beta00012    Temp 0005         .65      .00     3.00     1.20        .46
Beta00013    Temp 0006       35.91      .00     4.00     1.28        .46
Beta00015    Temp 0007       78.66      .00     6.96     1.67        .75
             0                 .00
 
 
Alternative Alt.00002  avail. for          .00 obs.
 
Coefficient  Data Item  % Non-Zero  Minimum  Maximum  Average  Std. Dev.
-----------  ---------  ----------  -------  -------  -------  ---------
             0                 .00
 
 
Alternative Alt.00003  avail. for          .00 obs.
 
Coefficient  Data Item  % Non-Zero  Minimum  Maximum  Average  Std. Dev.
-----------  ---------  ----------  -------  -------  -------  ---------
             0                 .00
 
 
Alternative Alt.00004  avail. for      6776.00 obs.
 
Coefficient  Data Item  % Non-Zero  Minimum  Maximum  Average  Std. Dev.
-----------  ---------  ----------  -------  -------  -------  ---------
Beta00151    Temp 0020      100.00     1.00     2.00     1.22        .41
Beta00152    Temp 0021       12.59      .00     4.00     1.16        .40
Beta00153    Temp 0022       11.05      .00     3.00     1.12        .36
Beta00154    Temp 0014       13.16      .00     4.00     1.68        .64
Beta00155    Temp 0023       32.04      .00     4.00     1.21        .48
Beta00156    Temp 0024        1.70      .00     2.00     1.09        .28
Beta00157    Temp 0025        1.15      .00     3.00     1.12        .36
Beta00158    Temp 0026        5.34      .00     5.00     1.29        .66
Beta00159    Temp 0027       14.55      .00     3.00     1.21        .43
Beta00160    Temp 0028       85.27      .00    16.00     2.78       1.68
Beta00162    Temp 0029        7.72      .00     4.00     1.26        .55
             0                 .00
 
 
Alternative Alt.00005  avail. for      6776.00 obs.
 
Coefficient  Data Item  % Non-Zero  Minimum  Maximum  Average  Std. Dev.
-----------  ---------  ----------  -------  -------  -------  ---------
Beta00021    Temp 0052      100.00     1.00     2.00     1.22        .41
Beta00022    Temp 0053       12.59      .00     4.00     1.16        .40
Beta00023    Temp 0054       11.05      .00     3.00     1.12        .36
Beta00024    Temp 0055       13.16      .00     4.00     1.68        .64
Beta00025    Temp 0056       32.04      .00     4.00     1.21        .48
Beta00026    Temp 0057        1.70      .00     2.00     1.09        .28
Beta00027    Temp 0058        1.15      .00     3.00     1.12        .36
Beta00028    Temp 0059        5.34      .00     5.00     1.29        .66
Beta00029    Temp 0060       14.55      .00     3.00     1.21        .43
Beta00030    Temp 0061       85.27      .00    16.00     2.78       1.68
             0                 .00
 
 
Alternative Alt.00006  avail. for      6776.00 obs.
 
Coefficient  Data Item  % Non-Zero  Minimum  Maximum  Average  Std. Dev.
-----------  ---------  ----------  -------  -------  -------  ---------
Beta00041    Temp 0081      100.00     1.00     2.00     1.22        .41
Beta00042    Temp 0082       12.59      .00     4.00     1.16        .40
Beta00043    Temp 0083       11.05      .00     3.00     1.12        .36
Beta00044    Temp 0084       13.16      .00     4.00     1.68        .64
Beta00045    Temp 0085       32.04      .00     4.00     1.21        .48
Beta00046    Temp 0086        1.70      .00     2.00     1.09        .28
Beta00047    Temp 0087        1.15      .00     3.00     1.12        .36
Beta00048    Temp 0088        5.34      .00     5.00     1.29        .66
Beta00049    Temp 0089       14.55      .00     3.00     1.21        .43
Beta00050    Temp 0071       85.27      .00    16.00     2.78       1.68
Beta00051    Temp 0090      100.00     3.65    22.72    12.18       4.27
             0                 .00
 
 
Alternative Alt.00007  avail. for      6776.00 obs.
 
Coefficient  Data Item  % Non-Zero  Minimum  Maximum  Average  Std. Dev.
-----------  ---------  ----------  -------  -------  -------  ---------
Beta00061    Temp 0113      100.00     1.00     2.00     1.22        .41
Beta00062    Temp 0114       12.59      .00     4.00     1.16        .40
Beta00063    Temp 0115       11.05      .00     3.00     1.12        .36
Beta00064    Temp 0116       13.16      .00     4.00     1.68        .64
Beta00065    Temp 0117       32.04      .00     4.00     1.21        .48
Beta00067    Temp 0118        1.15      .00     3.00     1.12        .36
Beta00068    Temp 0119        5.34      .00     5.00     1.29        .66
Beta00069    Temp 0120       14.55      .00     3.00     1.21        .43
Beta00070    Temp 0121       85.27      .00    16.00     2.78       1.68
Beta00071    Temp 0122      100.00    -2.67    22.15     8.78       3.77
             0                 .00
 
 
Alternative Alt.00008  avail. for      6776.00 obs.
 
Coefficient  Data Item  % Non-Zero  Minimum  Maximum  Average  Std. Dev.
-----------  ---------  ----------  -------  -------  -------  ---------
Beta00081    Temp 0142      100.00     1.00     2.00     1.22        .41
Beta00082    Temp 0143       12.59      .00     4.00     1.16        .40
Beta00083    Temp 0144       11.05      .00     3.00     1.12        .36
Beta00084    Temp 0145       13.16      .00     4.00     1.68        .64
Beta00085    Temp 0146       32.04      .00     4.00     1.21        .48
Beta00086    Temp 0147        1.70      .00     2.00     1.09        .28
Beta00087    Temp 0148        1.15      .00     3.00     1.12        .36
Beta00088    Temp 0149        5.34      .00     5.00     1.29        .66
Beta00089    Temp 0150       14.55      .00     3.00     1.21        .43
Beta00090    Temp 0132       85.27      .00    16.00     2.78       1.68
Beta00093    Temp 0151       99.81      .00    18.41     8.00       3.01
             0                 .00
 
 
Alternative Alt.00009  avail. for      6776.00 obs.
 
Coefficient  Data Item  % Non-Zero  Minimum  Maximum  Average  Std. Dev.
-----------  ---------  ----------  -------  -------  -------  ---------
Beta00101    Temp 0174      100.00     1.00     2.00     1.22        .41
Beta00102    Temp 0175       12.59      .00     4.00     1.16        .40
Beta00103    Temp 0176       11.05      .00     3.00     1.12        .36
Beta00104    Temp 0177       13.16      .00     4.00     1.68        .64
Beta00105    Temp 0178       32.04      .00     4.00     1.21        .48
Beta00106    Temp 0179        1.70      .00     2.00     1.09        .28
Beta00107    Temp 0180        1.15      .00     3.00     1.12        .36
Beta00108    Temp 0181        5.34      .00     5.00     1.29        .66
Beta00109    Temp 0182       14.55      .00     3.00     1.21        .43
Beta00110    Temp 0183       85.27      .00    16.00     2.78       1.68
Beta00111    Temp 0163      100.00     4.25    28.27    13.42       4.78
Beta00112    Temp 0184       88.99      .00     4.44      .81        .64
             0                 .00
 
 
Alternative Alt.00010  avail. for      6776.00 obs.
 
Coefficient  Data Item  % Non-Zero  Minimum  Maximum  Average  Std. Dev.
-----------  ---------  ----------  -------  -------  -------  ---------
Beta00121    Temp 0209      100.00     1.00     2.00     1.22        .41
Beta00122    Temp 0210       12.59      .00     4.00     1.16        .40
Beta00123    Temp 0211       11.05      .00     3.00     1.12        .36
Beta00124    Temp 0212       13.16      .00     4.00     1.68        .64
Beta00125    Temp 0213       32.04      .00     4.00     1.21        .48
Beta00126    Temp 0214        1.70      .00     2.00     1.09        .28
Beta00128    Temp 0215        5.34      .00     5.00     1.29        .66
Beta00129    Temp 0216       14.55      .00     3.00     1.21        .43
Beta00130    Temp 0217       85.27      .00    16.00     2.78       1.68
Beta00131    Temp 0218      100.00     4.25    28.27    13.42       4.78
             0                 .00
 
INFORMATION 002: data processing time      .39 secs.
 
C:..2.1\estimation\JointTourGeneration.F11    1.610 Mb Date:  8 Feb 13 at 15:36
 
INFORMATION 603: linear ("Quick") algorithm being used
Iteration  1  Function = -14090.2959   Conv.(3) = 127.
Iteration  2  Function =  -8169.3234   Conv.(3) = 81.1
Iteration  3  Function = -14488.1309 not improving, factor = .15000
Iteration  4  Function =  -7504.0836   Conv.(3) = 33.8
Iteration  5  Function =  -7298.3551   Conv.(3) = 20.3
Iteration  6  Function =  -6866.9433   Conv.(3) = 8.66
Iteration  7  Function =  -6844.4436   Conv.(3) = .949
Iteration  8  Function =  -6844.1630   Conv.(3) = .143E-01
Iteration  9  Function =  -6844.1629   Conv.(3) = .569E-05
 
 
Convergence achieved after   9 iterations
 
Analysis is based on   6776 observations
 
 
Likelihood with Zero Coefficients = -14090.2959
 
Likelihood with Constants only    =  -7671.0005
 
Initial Likelihood                = -14090.2959
 
 
Final value of Likelihood         =  -6844.1629
 
 
   "Rho-Squared" w.r.t. Zero      =  .5143
 
   "Rho-Squared" w.r.t. Constants =  .1078
 
 
 
ESTIMATES OBTAINED AT ITERATION  9
 
 
Likelihood =  -6844.1629
 
 
          Beta00002  Beta00003  Beta00005  Beta00012  Beta00013  Beta00015
 
 Estimate   1.611      2.830      .9928E-01  .8822      .1046      .1426
Std. Error   .807E-01   .145       .332       .535       .940E-01   .457E-01
"T" Ratio   20.0       19.5         .3        1.6        1.1        3.1
 
 
          Beta00021  Beta00022  Beta00023  Beta00024  Beta00025  Beta00026
 
 Estimate  -3.808      1.024      1.303      1.394      1.114      1.491
Std. Error   .213       .157       .161       .124       .122       .308
"T" Ratio  -17.9        6.5        8.1       11.2        9.1        4.8
 
 
          Beta00027  Beta00028  Beta00029  Beta00030  Beta00041  Beta00042
 
 Estimate   1.072      1.369      1.765      .3781     -3.923      1.141
Std. Error   .392       .149       .120       .570E-01   .624       .138
"T" Ratio    2.7        9.2       14.7        6.6       -6.3        8.2
 
 
          Beta00043  Beta00044  Beta00045  Beta00046  Beta00047  Beta00048
 
 Estimate   1.191      1.140      1.073      1.036      1.224      .9385
Std. Error   .157       .121       .114       .340       .347       .176
"T" Ratio    7.6        9.4        9.4        3.0        3.5        5.3
 
 
          Beta00049  Beta00050  Beta00051  Beta00061  Beta00062  Beta00063
 
 Estimate   1.650      .2981      .5308E-01 -3.799      .5732      .8764
Std. Error   .116       .542E-01   .587E-01   .362       .186       .193
"T" Ratio   14.2        5.5         .9      -10.5        3.1        4.5
 
 
          Beta00064  Beta00065  Beta00067  Beta00068  Beta00069  Beta00070
 
 Estimate   .8332      .6655      .5630      .8194      .8616      .1546
Std. Error   .139       .141       .563       .219       .179       .694E-01
"T" Ratio    6.0        4.7        1.0        3.7        4.8        2.2
 
 
          Beta00071  Beta00081  Beta00082  Beta00083  Beta00084  Beta00085
 
 Estimate   .1162     -5.304      .6658      .7445      .7939      .7720
Std. Error   .355E-01   .627       .216       .248       .178       .169
"T" Ratio    3.3       -8.5        3.1        3.0        4.5        4.6
 
 
          Beta00086  Beta00087  Beta00088  Beta00089  Beta00090  Beta00093
 
 Estimate   1.110      .7139      1.326      1.578      .9822E-01  .2738
Std. Error   .470       .583       .184       .154       .898E-01   .793E-01
"T" Ratio    2.4        1.2        7.2       10.3        1.1        3.5
 
 
          Beta00101  Beta00102  Beta00103  Beta00104  Beta00105  Beta00106
 
 Estimate  -4.518      .7303      .8962      .4441      .7130      .0000
Std. Error   .594       .147       .156       .156       .115       .000
"T" Ratio   -7.6        5.0        5.7        2.8        6.2         .0
 
 
          Beta00107  Beta00108  Beta00109  Beta00110  Beta00111  Beta00112
 
 Estimate   1.526      1.105      1.544      .4757      .1001      .1950
Std. Error   .302       .158       .120       .464E-01   .527E-01   .112
"T" Ratio    5.1        7.0       12.8       10.2        1.9        1.7
 
 
          Beta00121  Beta00122  Beta00123  Beta00124  Beta00125  Beta00126
 
 Estimate  -7.734      .9585      .7192      1.075      .6370      .8211
Std. Error   1.62       .343       .413       .299       .301       1.02
"T" Ratio   -4.8        2.8        1.7        3.6        2.1         .8
 
 
          Beta00128  Beta00129  Beta00130  Beta00131  Beta00151  Beta00152
 
 Estimate   1.749      1.535      .3341      .2395     -4.830      1.224
Std. Error   .223       .275       .144       .133       .207       .147
"T" Ratio    7.8        5.6        2.3        1.8      -23.3        8.3
 
 
          Beta00153  Beta00154  Beta00155  Beta00156  Beta00157  Beta00158
 
 Estimate   1.366      1.215      1.486      1.107      .4617      1.672
Std. Error   .158       .155       .115       .369       .546       .134
"T" Ratio    8.6        7.8       13.0        3.0         .8       12.5
 
 
          Beta00159  Beta00160  Beta00162
 
 Estimate   2.411      .7347      .3960
Std. Error   .105       .476E-01   .136
"T" Ratio   23.0       15.4        2.9
 
 
Correlation of Estimates (multiplied by 1000)
 
            0002 0003 0005 0012 0013 0015 0021 0022 0023 0024 0025 0026 0027
Beta00003    280
Beta00005     -7    2
Beta00012     10    5    5
Beta00013    -28  -46   -1   71
Beta00015     25   23   21  -10  121
Beta00021    -31  -76   33   25  288  255
Beta00022     81   83  -19  -18 -203  -64 -496
Beta00023     76   82  -11  -16 -244  -69 -517  270
Beta00024    103   97   -6  -21 -251 -194 -841  422  421
Beta00025     93   98  -12  -20 -306  -70 -687  346  466  555
Beta00026     20   20   -9   24  -91  -20 -195  101   70  158  160
Beta00027     32   43   -5  -10  -27   14  -67  -11   23   66  -25 -126
Beta00028    130  156  -12  -14 -106    7 -207   61   24  197   73   69  -66
Beta00029    235  305   -6  -19 -156   88 -302  121   88  297   67   54  101
Beta00030     56   79  -18    6   47   60 -762  311  277  643  406   83   60
Beta00041    -12  -29  105   11  106  109   90  -48  -51  -74  -66  -15  -10
Beta00042     90   91  -18  -21 -234  -72 -149  224  101  136  132   37   12
Beta00043     79   82  -15  -18 -254  -70 -141   93  238  125  136   29   14
Beta00044    109   98  -12  -21 -262 -200 -213  128  127  247  167   44   22
Beta00045     99  102  -17  -23 -330  -81 -192  127  142  171  248   49   19
Beta00046     20   17   -8   24  -82  -17  -45   31   27   40   43  196   -6
Beta00047     37   48   -6  -10  -35   18  -20   12   14   22   18  -14  242
Beta00048    113  133   -8  -12  -89    7  -53   35   37   57   49   14    4
Beta00049    246  313   -1  -20 -161   93  -72   68   57   90   75   23   32
Beta00050     60   81  -16    5   49   64  -91   54   39   86   67   12   14
Beta00051      1    4 -101   -2   -7  -24   -9    2    4    5    4   -2    3
Beta00061    -19  -34   37   19  178  169  133  -70  -76 -113  -97  -19  -10
Beta00062     67   59  -16  -18 -197  -61 -106  152   75   97   95   22    8
Beta00063     64   59  -12  -18 -228  -56 -109   72  181   97  109   20    9
Beta00064     94   73   -9  -22 -244 -179 -171   99  104  201  133   28   15
Beta00065     82   74  -10  -23 -294  -71 -147   96  113  132  191   32   12
Beta00067     25   30   -4   -5  -29    8  -14   10   10   15   13   -2  138
Beta00068     92  103   -9  -11  -78    2  -39   25   29   43   36    9   -2
Beta00069    162  199   -3  -14 -114   60  -42   42   38   54   47   12   20
Beta00070     50   52  -16    2   40   43  -56   31   24   54   39    0    8
Beta00071      0    1  -24   -2    5  -20   -4   -2   -2    2   -1   -2    2
Beta00081    -12  -25    2    8   97   99   81  -42  -44  -69  -59  -15   -7
Beta00082     58   57  -17  -14 -155  -49  -94  142   63   85   83   24    6
Beta00083     52   53   -6  -12 -166  -45  -88   57  152   77   85   18    8
Beta00084     76   67   -5  -15 -183 -137 -141   82   83  164  110   30   13
Beta00085     70   71   -8  -16 -229  -53 -127   82   94  113  167   33   12
Beta00086     16   14   -7   14  -65  -11  -30   22   18   27   30  138   -9
Beta00087     22   32   -4   -6  -20   10  -13    7    9   14   13   -8  149
Beta00088    105  124  -12  -12  -89    4  -49   29   28   53   43   15   -5
Beta00089    182  230   -8  -16 -127   71  -52   48   40   65   54   18   24
Beta00090     39   51  -14    3   32   41  -52   29   21   50   38    7    8
Beta00093      2    2   12    1    5  -15   -2   -2   -1    2   -1   -1    1
Beta00101    -10  -20   79   16  112  116   84  -42  -45  -69  -58  -13   -9
Beta00102     80   81  -19  -25 -255  -73 -139  202   96  124  122   30   15
Beta00103     78   79  -11  -23 -299  -72 -144   94  232  126  138   27   17
Beta00104     83   69  -10  -19 -225 -155 -155   91   94  181  121   28   17
Beta00105     99   98  -14  -29 -381  -54 -184  121  141  162  243   44   25
Beta00106   9999 9999 9999 9999 9999 9999 9999 9999 9999 9999 9999 9999 9999
Beta00107     39   51   -9  -10  -62    5  -29   18   21   29   25    0  240
Beta00108    122  143  -10  -14 -102    2  -55   32   34   59   48   11    5
Beta00109    234  298   -3  -20 -164   77  -70   62   55   85   70   18   29
Beta00110     52   70  -22    3   64   45  -79   41   27   72   49    3   13
Beta00111      1   -1  -74   -5   -2  -19   -4   -1   -1    2   -1    0    1
Beta00112      1    3   45    3   12  -23   -2   -2   -2    2   -1   -5    5
Beta00121     -5  -10   22    4   40   45   33  -16  -18  -28  -23   -6   -3
Beta00122     38   38   -7   -9 -102  -32  -62   94   41   56   54   15    7
Beta00123     32   33   -4   -7 -103  -26  -56   35   99   49   54   11    4
Beta00124     45   40   -5   -9 -110  -83  -87   50   51  101   66   18    5
Beta00125     41   43   -6  -10 -133  -23  -74   48   55   66   98   19    9
Beta00126      9    8   -3    5  -32   -3  -15   11    9   14   15   64   -2
Beta00128     85  101   -8  -10  -74    1  -43   24   22   46   34   13   -5
Beta00129     99  129   -2   -9  -70   36  -31   28   22   38   30   10    8
Beta00130     24   31   -7    1   22   20  -34   18   12   32   22    4    1
Beta00131      1    1  -19   -1   -1  -12   -2   -1    1    1    0   -1    2
Beta00151    -23  -90   32   24  300  267  274 -149 -152 -233 -203  -58  -15
Beta00152     82   99  -17  -19 -215  -63 -155  238   99  139  132   37    8
Beta00153     79   97   -8  -15 -261  -74 -160  101  271  140  149   31   12
Beta00154     86   89   -4  -15 -203 -151 -188  108  107  214  145   41   13
Beta00155     97  115  -12  -20 -343  -62 -213  135  155  187  273   56   12
Beta00156     17   22   -5   28  -74   -5  -54   35   27   47   49  202  -15
Beta00157     21   31   -3   -7  -15    6  -12    6    7   13   11  -12  180
Beta00158    142  175  -13  -15 -114   11  -82   43   43   85   67   25  -15
Beta00159    264  358   -8  -20 -173   94 -101   78   64  116   91   30   37
Beta00160     49   95  -20    7   59   57 -121   63   44  109   80   19   11
Beta00162      5    8   -6   -5  -10  -42  -17   -3    9   14   10    2   -2
 
 
Correlation of Estimates (multiplied by 1000)
            (continued)
 
            0028 0029 0030 0041 0042 0043 0044 0045 0046 0047 0048 0049 0050
Beta00029    129
Beta00030    145  210
Beta00041    -20  -20  -28
Beta00042     41   72   53 -155
Beta00043     40   57   35 -211  291
Beta00044     66   90   83 -308  452  403
Beta00045     57   75   64 -288  394  463  558
Beta00046     15   21   10  -58   93   56  122  128
Beta00047     -4   35   13  -36    9   29   81    9 -117
Beta00048    326   68   24  -32   45   16  150   58   50  -79
Beta00049     80  395   51  -48  137   78  272   78   41  101   97
Beta00050     29   52  153 -216  346  269  614  424   61   73  112  194
Beta00051      0   -4   -1 -948  -21   51   51   65    9    8  -21  -45  -25
Beta00061    -31  -32  -36   90  -78  -79 -118 -106  -17  -11  -24  -30  -36
Beta00062     30   51   28  -41  170   78  100  103   20   10   26   53   29
Beta00063     33   46   20  -45   82  182  100  116   18   12   27   47   21
Beta00064     54   70   54  -70  111  106  206  142   25   18   45   71   54
Beta00065     45   59   36  -61  109  116  136  203   28   14   38   60   37
Beta00067      0   23    7   -7   11   11   16   14   -2  153    2   23    7
Beta00068    249   52   15  -13   28   27   43   38    8   -2  205   53   16
Beta00069     51  243   27  -13   47   39   56   49   11   23   44  251   28
Beta00070     19   32  102  -20   33   23   54   39    0    9   16   33  105
Beta00071     -1   -4    0  -53   -3    1    5    3   -2    1   -3   -6   -1
Beta00081    -19  -21  -26   55  -47  -46  -71  -64  -14   -7  -14  -20  -25
Beta00082     28   46   30  -35  156   65   87   89   22    8   24   49   30
Beta00083     27   37   19  -35   64  150   79   90   17    9   22   38   19
Beta00084     48   62   51  -54   91   84  167  116   26   15   39   62   51
Beta00085     42   53   39  -50   92   95  115  174   29   13   35   54   39
Beta00086     13   17    4   -8   24   19   27   31  125   -9   10   16    4
Beta00087     -3   22    8   -7    9   10   15   13   -6  157    2   23    9
Beta00088    323   65   21  -17   32   30   52   45   12   -4  257   64   21
Beta00089     62  297   34  -15   54   42   66   56   15   27   52  304   34
Beta00090     20   33   92  -17   31   20   48   37    5    9   15   32   93
Beta00093     -3   -3    0  -30   -2    1    3    1   -1    0   -4   -4   -2
Beta00101    -18  -18  -21   98  -47  -49  -75  -67  -12   -9  -14  -15  -21
Beta00102     39   69   39  -52  224  100  130  133   27   17   36   73   43
Beta00103     42   62   30  -57  106  233  129  148   25   19   35   63   30
Beta00104     51   68   51  -62  102   95  185  129   25   18   42   69   50
Beta00105     60   83   52  -74  139  145  168  257   40   27   52   86   55
Beta00106   9999 9999 9999 9999 9999 9999 9999 9999 9999 9999 9999 9999 9999
Beta00107     -1   40   11  -13   19   22   30   27    0  268    2   41   11
Beta00108    357   73   24  -17   37   35   58   51   10    2  290   73   23
Beta00109     77  373   46  -20   69   56   86   73   15   33   65  382   46
Beta00110     27   44  142  -27   44   26   71   50    3   12   21   43  145
Beta00111     -2   -5   -1  -70   -2    3    6    4    0    1   -3   -8   -2
Beta00112     -1   -3   -2   11   -1   -3    2    0   -4    2   -1   -2   -1
Beta00121     -7   -7  -10   40  -18  -20  -30  -26   -5   -3   -5   -6   -9
Beta00122     20   31   20  -23  102   42   58   57   13    8   18   32   21
Beta00123     19   23   13  -23   40   94   49   56   10    5   16   24   13
Beta00124     34   38   33  -34   56   51  102   69   15    6   26   38   32
Beta00125     27   32   25  -30   53   55   66  101   16   10   23   33   24
Beta00126      7    9    3   -5   12    9   13   15   58   -1    5    8    3
Beta00128    280   55   20  -13   27   25   44   36   10   -1  215   53   18
Beta00129     39  166   21   -9   31   23   38   31    8   10   31  169   21
Beta00130     16   20   58  -11   19   12   30   21    3    2   10   19   58
Beta00131     -3   -2   -1  -30   -1    2    3    2    0    1   -3   -3   -2
Beta00151    -82  -95 -115   91 -162 -148 -227 -206  -48  -19  -60  -88 -108
Beta00152     43   77   67  -52  257  102  144  142   34   11   39   83   72
Beta00153     46   64   51  -53  111  255  138  154   28   14   41   65   49
Beta00154     68   89   90  -59  116  104  208  145   33   17   51   85   83
Beta00155     68   92   87  -71  150  153  186  279   48   17   57   92   86
Beta00156     18   33   27   -7   34   25   39   44  174  -13   13   26   19
Beta00157     -6   21    7   -7    8    8   15   14   -6  176    5   22   10
Beta00158    491  100   45  -18   45   42   74   63   18   -8  371   92   37
Beta00159    102  467   77  -24   85   64  112   91   24   42   82  470   73
Beta00160     45   71  190  -30   65   39   99   74   13   14   31   64  185
Beta00162     19    2    0   -8   -4    6   10    7    0   -1    7   -1   -3
 
 
Correlation of Estimates (multiplied by 1000)
            (continued)
 
            0051 0061 0062 0063 0064 0065 0067 0068 0069 0070 0071 0081 0082
Beta00061    -48
Beta00062      5 -305
Beta00063      8 -361  238
Beta00064     13 -592  411  382
Beta00065     12 -501  337  404  550
Beta00067      2  -50   -1   21   62   10
Beta00068      1  -87   30    1  139   45  -71
Beta00069     -1 -116   68   20  195   10   57   46
Beta00070      2 -527  338  279  664  460   54   98  136
Beta00071     55 -772  -16   77   89   83    7  -11  -16   21
Beta00081    -30   70  -36  -39  -63  -54   -5  -13  -13  -19  -32
Beta00082      3  -52  113   53   73   71    7   18   30   21   -1 -221
Beta00083      6  -53   49  120   68   75    7   18   25   13    4 -282  243
Beta00084      7  -83   68   69  143   93   11   30   39   36    5 -452  417
Beta00085      8  -74   70   80   97  142   10   26   34   26    4 -400  354
Beta00086     -2  -12   15   15   19   22    0    6    9    0   -2  -97   87
Beta00087      2   -7    6    7   11    9   95   -2   14    6    0  -11  -12
Beta00088      1  -26   25   25   44   36   -1  203   42   14    0 -126   63
Beta00089     -3  -24   40   35   54   45   18   40  191   24   -5 -123  109
Beta00090      0  -23   18   13   34   23    5    9   18   67    0 -403  375
Beta00093     31  -28    0    2    6    4    0   -1   -2    0   36 -889  -22
Beta00101    -74   84  -39  -43  -67  -57   -7  -13  -12  -18  -44   52  -32
Beta00102      4  -77  161   82  108  108   12   27   46   26   -2  -44  144
Beta00103      9  -87   83  187  114  125   13   30   44   20    4  -49   68
Beta00104     11  -93   77   79  159  106   13   34   44   34    6  -55   65
Beta00105     13 -108  107  122  143  209   18   41   57   35    4  -63   89
Beta00106   9999 9999 9999 9999 9999 9999 9999 9999 9999 9999 9999 9999 9999
Beta00107      4  -17   15   18   26   22  166   -1   26    8    1   -9   13
Beta00108      0  -29   28   29   49   42    2  228   47   16    0  -19   24
Beta00109     -3  -33   51   47   70   59   22   51  240   29   -4  -22   45
Beta00110      1  -37   25   16   52   31    7   14   23  103    1  -24   26
Beta00111     72  -36    2    4    8    5    2    0   -2    3   42  -23    0
Beta00112    -13  -10   -1    0    3    1    1    0   -2    0   11  -13   -1
Beta00121    -30   37  -15  -17  -27  -23   -2   -6   -5   -8  -24   26  -12
Beta00122      2  -34   73   35   48   46    6   12   20   14   -1  -20   68
Beta00123      5  -32   31   75   42   47    4   13   16    9    2  -19   25
Beta00124      6  -51   41   42   87   56    5   19   24   23    4  -31   36
Beta00125      6  -43   40   46   56   83    8   15   21   16    2  -26   35
Beta00126      1   -6    8    8    9   11    2    3    5    0    0   -5    8
Beta00128     -1  -22   20   21   37   29    0  170   34   12    0  -14   18
Beta00129     -1  -14   22   20   31   25    7   22  106   13   -2   -9   20
Beta00130      0  -15   11    8   22   14    1    6   10   43    0  -11   11
Beta00131     31  -21    1    3    5    3    1    1   -1    0   25  -16    0
Beta00151     -3  136 -109 -112 -174 -151  -14  -42  -45  -55   -2   83 -100
Beta00152     -1  -73  161   76  105  102   10   28   46   34   -3  -44  157
Beta00153      1  -81   80  187  111  120   11   32   42   27   -2  -47   68
Beta00154      0  -90   79   78  163  107   12   36   46   45    0  -56   71
Beta00155      1 -104  105  119  143  206   14   41   56   44   -3  -62   93
Beta00156     -8  -12   17   17   20   25   -1    8   11    0   -3  -12   22
Beta00157      2   -7    5    5   10    8  100   -1   13    5    2   -6    3
Beta00158     -5  -32   33   34   58   49   -2  278   58   22   -3  -21   31
Beta00159     -7  -37   57   51   80   67   26   60  279   38   -5  -28   54
Beta00160     -7  -38   29   20   57   37    7   17   28  111   -2  -28   34
Beta00162      4  -10    4    4   10    6    0    3    0   -1    2   -9    1
 
 
Correlation of Estimates (multiplied by 1000)
            (continued)
 
            0083 0084 0085 0086 0087 0088 0089 0090 0093 0101 0102 0103 0104
Beta00084    355
Beta00085    414  538
Beta00086     64  135  146
Beta00087     -2   47  -35  -84
Beta00088     25  192   75   58  -74
Beta00089     30  269   29   40   88  109
Beta00090    279  650  474   93   46  142  193
Beta00093     84   98   92   16  -15   31  -14   34
Beta00101    -32  -51  -45   -8   -6  -17  -13  -13  -27
Beta00102     62   86   89   21   10   31   53   23   -3 -136
Beta00103    151   88  101   20   11   31   46   15    2 -170  233
Beta00104     61  128   87   19   12   41   51   29    4 -244  281  249
Beta00105     93  114  177   31   18   47   63   31    1 -247  315  406  338
Beta00106   9999 9999 9999 9999 9999 9999 9999 9999 9999 9999 9999 9999 9999
Beta00107     13   20   19    2  162   -2   31    7    0  -67   33   43   93
Beta00108     23   42   35    8    3  288   56   15    1  -49   43   12  132
Beta00109     37   60   51   12   21   62  288   29   -2  -63  108   38  205
Beta00110     14   46   32    2    8   19   30   87    0 -261  295  207  454
Beta00111      1    4    2   -1    1    1   -3    1   25 -943   -8   33   61
Beta00112      2    3    1   -3    4    0   -3    0   14  354  -17    5   10
Beta00121    -14  -21  -18   -3   -2   -8   -5   -7  -17   37  -18  -21  -25
Beta00122     27   39   39   10    5   15   23   13   -1  -20   96   45   43
Beta00123     65   34   39    8    4   11   17    8    1  -20   39   96   38
Beta00124     33   72   49   12    4   25   28   21    2  -33   53   53   79
Beta00125     37   47   74   13    7   18   24   17    0  -27   52   59   51
Beta00126      6   10   11   46   -1    5    6    2    0   -5   10   11    9
Beta00128     15   32   25    8   -4  229   41   12    0  -13   25   24   35
Beta00129     15   27   21    6    7   31  130   13   -1   -8   30   25   30
Beta00130      7   21   16    2    1   10   14   39    0  -10   15    9   20
Beta00131      2    3    1   -1    1    0   -2    0   18  -28    0    2    4
Beta00151    -91 -148 -134  -33  -12  -58  -60  -58    1   91 -155 -152 -173
Beta00152     61   89   89   23    6   33   54   35   -5  -47  233  103  102
Beta00153    163   88  100   20   10   27   43   23   -2  -48  106  258  102
Beta00154     63  137   94   23   10   49   59   44    0  -57  107  103  159
Beta00155     94  121  184   34   12   48   65   46   -5  -65  140  157  135
Beta00156     16   26   29  120   -7   13   18   11   -2   -8   25   23   21
Beta00157      5    9    8   -7  113   -6   15    5    2   -5   11   10   14
Beta00158     26   57   48   15   -9  382   75   28   -6  -18   43   41   59
Beta00159     41   77   64   18   26   81  350   46   -4  -21   83   67   86
Beta00160     20   58   42    7    8   29   39  104   -3  -30   57   34   75
Beta00162      5   10    6    2    0   10    3    2    3   -3    0    1    8
 
 
Correlation of Estimates (multiplied by 1000)
            (continued)
 
            0105 0106 0107 0108 0109 0110 0111 0112 0121 0122 0123 0124 0125
Beta00106   9999
Beta00107     37 9999
Beta00108     43 9999  -43
Beta00109     13 9999  113  119
Beta00110    350 9999  111  144  220
Beta00111     58 9999   24  -14  -28   20
Beta00112     10 9999  -13   37   46   38 -492
Beta00121    -26 9999   -4   -9   -8  -11  -26   -2
Beta00122     58 9999   12   15   30   18   -1   -1 -152
Beta00123     58 9999    9   14   23   10    2   -1 -166  220
Beta00124     69 9999   11   27   37   30    4    0 -362  407  304
Beta00125    105 9999   15   20   30   20    2   -1 -276  302  349  445
Beta00126     15 9999    5    4    7    1    0   -2  -85   64   56  110  102
Beta00128     37 9999    1  246   52   17    0    0 -130   99    9  271   51
Beta00129     34 9999   13   33  161   18   -1   -2 -109   80   -1  261  -83
Beta00130     18 9999    2   12   18   57    1   -1 -312  375  245  674  394
Beta00131      2 9999    1    1   -1    0   27    2 -956   -2   51  135  109
Beta00151   -203 9999  -33  -63  -88 -111    0   -1   34  -67  -58  -94  -80
Beta00152    135 9999   20   36   72   57   -2   -4  -18  107   38   56   52
Beta00153    154 9999   23   35   60   35   -3   -4  -19   45  108   53   59
Beta00154    138 9999   26   54   82   77   -2    2  -22   48   40   87   56
Beta00155    283 9999   29   51   81   63   -2   -4  -24   60   60   73  110
Beta00156     36 9999    2    9   16    3   -2   -7   -3   12    9   14   16
Beta00157     20 9999  174    6   22   14   -2   10   -2    4    3    2    6
Beta00158     65 9999   -3  413   91   38   -6   -4   -7   23   16   47   34
Beta00159     96 9999   48   89  449   68   -9    0   -9   37   25   48   38
Beta00160     69 9999   17   34   67  207   -5   -4  -10   25   13   40   28
Beta00162      7 9999    0    6    4   -3   -3   15   -4    2    2    9    6
 
 
Correlation of Estimates (multiplied by 1000)
            (continued)
 
            0126 0128 0129 0130 0131 0151 0152 0153 0154 0155 0156 0157 0158
Beta00128     52
Beta00129     25  124
Beta00130     80  243  213
Beta00131     45   38   24   63
Beta00151    -16  -57  -40  -40    1
Beta00152     11   27   34   23   -2 -457
Beta00153     10   18   22   13    0 -474  273
Beta00154     11   47   37   31   -1 -632  296  288
Beta00155     17   39   36   26   -2 -664  324  470  390
Beta00156     58   11   10    5   -2 -132   79   72   75  115
Beta00157     -2   -9    4   -1    2  -48  -12   11   37  -36 -116
Beta00158      8  350   57   28   -9 -246   91   35  182   83   52  -50
Beta00159     10   72  198   29   -4 -383  151   99  292  100   46   83  192
Beta00160      4   31   28   70   -4 -770  296  240  487  370   58   50  196
Beta00162      1   18    5    3    0  -90 -206  -92   40   59  -87   20    5
 
 
Correlation of Estimates (multiplied by 1000)
            (continued)
 
            0159 0160
Beta00160    312
Beta00162     39   15
 
 
Convergence (option 3) value is    .5690E-05
 
INFORMATION 004: main estimation time      .36 secs.
 
INFORMATION 005: total run time is     2.73 secs.  Run at 15:36:02 on  8 Feb 13
 
INFORMATION 006: run time (hours:min:sec) is  0:00:03
