
ALOGIT S & A (C) ALOGIT 4.3 serial 4357                        Page   1
Licensed to: BB&C - Bowman                                               
 
                            Mandatory TourGeneration                            

C:..m Files\HCG Software\ALOGIT 4\alo4ec.exe 551424 b. Date:  4 Jan 13 at 23:44 
 
INFORMATION 246:   FILE  1 : first main file
C:..tion\HMandatoryTourGenerationModel.dat    2.394 Mb Date: 17 Apr 13 at  7:53
 
INFORMATION 163: control file completed:   117 lines
C:..mation\HMandatoryTourGenerationModel.alo   3901 b. Date: 17 Apr 13 at  7:53
 
Function defined in control file: PREP & ESTIM
 
$GEN.STATS controls
 Utility components selected
    32 total items selected
 
$ESTIMATE controls
 Control present = T
 Estimation done = F
 Linear first    = T
 Estimate later  = F
 Accept error    = F
 
 
$ALGOR controls
 Maximum iterations          =  20
 Convergence level           =   .100000E-01
 1st derivative perp. test   =   .100000E-05
 Function rate of increase   =  -999.900
 Matrix inversion tolerance  =   .100000E-02
 Step reduction factor       =   .150000
 Convergence option          =   3
 Maximum step-reducing loops =   4
 
 
REPORT OF COEFFICIENTS
 
Label      Con   Value      Type
-------    ---   -----      -----
Beta00002   F    .6638      Utility
Beta00021   F   -4.192      Utility
Beta00023   F    .1768      Utility
Beta00025   F   -.1386      Utility
Beta00026   F    1.214      Utility
Beta00027   F   -.2040      Utility
Beta00028   F   -.1993      Utility
Beta00030   F   -.5450      Utility
Beta00031   F   -1.253      Utility
Beta00033   F   -.9481      Utility
Beta00041   F   -8.024      Utility
Beta00042   F    .4188      Utility
Beta00043   F    1.593      Utility
Beta00047   F   -.5748      Utility
Beta00048   F    1.915      Utility
Beta00049   F   -1.454      Utility
Beta00050   F    .1712      Utility
Beta00051   F    .1770      Utility
Beta00052   F    1.899      Utility
Beta00053   F   -.3662      Utility

ALOGIT S & A (C) ALOGIT 4.3 serial 4357                        Page   2
                            Mandatory TourGeneration                            
Beta00061   F   -4.723      Utility
Beta00062   F    .2224      Utility
Beta00063   F   -.1866      Utility
Beta00065   F   -1.117      Utility
Beta00066   F    2.240      Utility
Beta00067   F    2.325      Utility
Beta00068   F    .7470E-01  Utility
Beta00070   F   -.8885      Utility
 
INFORMATION 001: control file processing     1.35 secs.
 
OBSERVATION REJECTED 519:         43:   1.0 chosen and    .0 unchosen alts.
 
OBSERVATION REJECTED 519:         45:   1.0 chosen and    .0 unchosen alts.
 
OBSERVATION REJECTED 519:         51:   1.0 chosen and    .0 unchosen alts.
 
OBSERVATION REJECTED 519:         57:   1.0 chosen and    .0 unchosen alts.
 
OBSERVATION REJECTED 519:         59:   1.0 chosen and    .0 unchosen alts.
 
OBSERVATION REJECTED 519:         65:   1.0 chosen and    .0 unchosen alts.
 
OBSERVATION REJECTED 519:         67:   1.0 chosen and    .0 unchosen alts.
 
OBSERVATION REJECTED 519:         73:   1.0 chosen and    .0 unchosen alts.
 
OBSERVATION REJECTED 519:         75:   1.0 chosen and    .0 unchosen alts.
 
OBSERVATION REJECTED 519:         79:   1.0 chosen and    .0 unchosen alts.
 
OBSERVATION REJECTED 519:         81:   1.0 chosen and    .0 unchosen alts.
 
OBSERVATION REJECTED 519:         91:   1.0 chosen and    .0 unchosen alts.
 
OBSERVATION REJECTED 519:         93:   1.0 chosen and    .0 unchosen alts.
 
OBSERVATION REJECTED 519:        103:   1.0 chosen and    .0 unchosen alts.
 
OBSERVATION REJECTED 519:        105:   1.0 chosen and    .0 unchosen alts.
 
OBSERVATION REJECTED 519:        152:   1.0 chosen and    .0 unchosen alts.
 
OBSERVATION REJECTED 519:        182:   1.0 chosen and    .0 unchosen alts.
 
OBSERVATION REJECTED 519:        186:   1.0 chosen and    .0 unchosen alts.
 
OBSERVATION REJECTED 519:        193:   1.0 chosen and    .0 unchosen alts.
 
OBSERVATION REJECTED 519:        197:   1.0 chosen and    .0 unchosen alts.
 
OBSERVATION REJECTED 519:        234:   1.0 chosen and    .0 unchosen alts.
 
OBSERVATION REJECTED 519:        236:   1.0 chosen and    .0 unchosen alts.
 
OBSERVATION REJECTED 519:        240:   1.0 chosen and    .0 unchosen alts.
 
OBSERVATION REJECTED 519:        242:   1.0 chosen and    .0 unchosen alts.
 
OBSERVATION REJECTED 519:        252:   1.0 chosen and    .0 unchosen alts.

ALOGIT S & A (C) ALOGIT 4.3 serial 4357                        Page   3
                            Mandatory TourGeneration                            
 
INFORMATION 534: reached end of file   1 after    22649 records
 
Data input completed after 22649 records
 
Rejected  3742 observations with unacceptable choices
 
 
FREQUENCY DISTRIBUTION OF ALTERNATIVE AVAILABILITY
(Total weight is   18907.00 )
 
Alternative    Chosen    Unchosen    Avail.    Unavail.
-----------  ---------  ---------  ---------  ---------
Alt.00001    11085.00     450.00   11535.00    7372.00
Alt.00002     7021.00    7296.00   14317.00    4590.00
Alt.00003      443.00   15109.00   15552.00    3355.00
Alt.00004      358.00    3828.00    4186.00   14721.00
 
 
RANGES OF INDEPENDENT VARIABLES
 
Coefficient   Chsn Min   Chsn Max   Diff Min   Diff Max
-----------  ---------  ---------  ---------  ---------
Beta00002         .00       1.00      -1.00       1.00
Beta00021         .00       1.00      -1.00       1.00
Beta00023       -6.63       7.79      -7.79       7.79
Beta00025         .00       1.00      -1.00       1.00
Beta00026         .00       1.00      -1.00       1.00
Beta00027         .00       1.00      -1.00       1.00
Beta00028         .00       1.00      -1.00       1.00
Beta00030         .00       1.00      -1.00       1.00
Beta00031         .00       1.00      -1.00       1.00
Beta00033       -1.00       1.00      -1.00       1.00
Beta00041         .00       1.00      -1.00       1.00
Beta00042         .00       1.00      -1.00       1.00
Beta00043         .00       1.00      -1.00       1.00
Beta00047         .00       1.00      -1.00       1.00
Beta00048         .00       1.00      -1.00       1.00
Beta00049         .00       1.00      -1.00       1.00
Beta00050         .00      14.14     -14.14      14.29
Beta00051         .00       4.00      -4.00       7.00
Beta00052         .00       1.00      -1.00       1.00
Beta00053         .00       1.00      -1.00       1.00
Beta00061         .00       1.00      -1.00       1.00
Beta00062       -4.48       1.92      -5.59       8.25
Beta00063         .00       1.00      -1.00       1.00
Beta00065         .00       1.00      -1.00       1.00
Beta00066         .00       1.00      -1.00       1.00
Beta00067         .00       1.00      -1.00       1.00
Beta00068         .00      10.58     -10.58      10.58
Beta00070         .00       1.00      -1.00       1.00

ALOGIT S & A (C) ALOGIT 4.3 serial 4357                        Page   4
                            Mandatory TourGeneration                            
 
 
SELECTED STATISTICS
 
 
Alternative Alt.00001  avail. for     11535.00 obs.
 
Coefficient  Data Item  % Non-Zero  Minimum  Maximum  Average  Std. Dev.
-----------  ---------  ----------  -------  -------  -------  ---------
Beta00002    Temp 0001        3.89      .00     1.00     1.00        .00
             0                 .00
 
 
Alternative Alt.00002  avail. for     14317.00 obs.
 
Coefficient  Data Item  % Non-Zero  Minimum  Maximum  Average  Std. Dev.
-----------  ---------  ----------  -------  -------  -------  ---------
Beta00021    Temp 0007      100.00     1.00     1.00
Beta00023    Temp 0008      100.00    -6.63     7.79     1.18       1.37
Beta00025    Temp 0009       11.54      .00     1.00     1.00        .00
Beta00026    Temp 0010        1.19      .00     1.00     1.00        .00
Beta00027    Temp 0011        2.06      .00     1.00     1.00        .00
Beta00028    Temp 0012       26.97      .00     1.00     1.00        .00
Beta00030    Temp 0013       10.88      .00     1.00     1.00        .00
Beta00031    Temp 0014       18.80      .00     1.00     1.00        .00
Beta00033    Temp 0015      100.00    -1.00     1.00    -1.00        .04
             0                 .00
 
 
Alternative Alt.00003  avail. for     15552.00 obs.
 
Coefficient  Data Item  % Non-Zero  Minimum  Maximum  Average  Std. Dev.
-----------  ---------  ----------  -------  -------  -------  ---------
Beta00041    Temp 0034      100.00     1.00     1.00
Beta00042    Temp 0035       12.36      .00     1.00     1.00        .00
Beta00043    Temp 0025        1.34      .00     1.00     1.00        .00
Beta00047    Temp 0036       10.93      .00     1.00     1.00        .00
Beta00048    Temp 0037        5.74      .00     1.00     1.00        .00
Beta00049    Temp 0038       18.18      .00     1.00     1.00        .00
Beta00050    Temp 0039      100.00     4.25    14.29    11.11       1.15
Beta00051    Temp 0040       26.39      .00     7.00     1.33        .64
Beta00052    Temp 0041        7.52      .00     1.00     1.00        .00
Beta00053    Temp 0042       36.52      .00     1.00     1.00        .00
             0                 .00
 
 
Alternative Alt.00004  avail. for      4186.00 obs.
 
Coefficient  Data Item  % Non-Zero  Minimum  Maximum  Average  Std. Dev.
-----------  ---------  ----------  -------  -------  -------  ---------
Beta00061    Temp 0063      100.00     1.00     1.00
Beta00062    Temp 0064       83.37    -5.59     8.25      .22        .80
Beta00063    Temp 0065       23.91      .00     1.00     1.00        .00
Beta00065    Temp 0066        5.47      .00     1.00     1.00        .00
Beta00066    Temp 0067       11.42      .00     1.00     1.00        .00
Beta00067    Temp 0068       16.29      .00     1.00     1.00        .00
Beta00068    Temp 0069       44.00      .00    10.58     4.62       3.56
Beta00070    Temp 0053        8.93      .00     1.00     1.00        .00
             0                 .00
 
INFORMATION 002: data processing time      .46 secs.

ALOGIT S & A (C) ALOGIT 4.3 serial 4357                        Page   5
                            Mandatory TourGeneration                            
 
C:..tion\HMandatoryTourGenerationModel.F11    1.513 Mb Date: 17 Apr 13 at  7:54
 
INFORMATION 603: linear ("Quick") algorithm being used
Iteration  1  Function =  -3453.6823   Conv.(3) = 1.07
Iteration  2  Function =  -3452.9331   Conv.(3) = .494E-01
Iteration  3  Function =  -3452.9319   Conv.(3) = .132E-03

ALOGIT S & A (C) ALOGIT 4.3 serial 4357                        Page   6
                            Mandatory TourGeneration                            
 
Convergence achieved after   3 iterations
 
Analysis is based on  18907 observations
 
 
Likelihood with Zero Coefficients = -16227.1357
 
Likelihood with Constants only    =  -7900.5337
 
Initial Likelihood                =  -3453.6823
 
 
Final value of Likelihood         =  -3452.9319
 
 
   "Rho-Squared" w.r.t. Zero      =  .7872
 
   "Rho-Squared" w.r.t. Constants =  .5629
 
 
 
ESTIMATES OBTAINED AT ITERATION  3
 
 
Likelihood =  -3452.9319
 
 
          Beta00002  Beta00021  Beta00023  Beta00025  Beta00026  Beta00027  Beta00028  Beta00030
 
 Estimate   .5606     -4.196      .1776     -.1368      1.402     -.2106     -.1977     -.4905
Std. Error   .265       .588       .308E-01   .149       .266       .295       .908E-01   .146
"T" Ratio    2.1       -7.1        5.8        -.9        5.3        -.7       -2.2       -3.4
 
 
          Beta00031  Beta00033  Beta00041  Beta00042  Beta00043  Beta00047  Beta00048  Beta00049
 
 Estimate  -1.253     -.9562     -8.036      .4228      1.654     -.5414      1.903     -1.449
Std. Error   .211       .586       .547       .166       .399       .203       .269       .248
"T" Ratio   -5.9       -1.6      -14.7        2.5        4.2       -2.7        7.1       -5.8
 
 
          Beta00050  Beta00051  Beta00052  Beta00053  Beta00061  Beta00062  Beta00063  Beta00065
 
 Estimate   .1717      .1947      1.888     -.3722     -4.699      .2197     -.1734     -1.130
Std. Error   .478E-01   .682E-01   .279       .113       .161       .976E-01   .157       1.02
"T" Ratio    3.6        2.9        6.8       -3.3      -29.1        2.3       -1.1       -1.1
 
 
          Beta00066  Beta00067  Beta00068  Beta00070
 
 Estimate   2.319      2.310      .7163E-01 -.8626
Std. Error   .221       .198       .210E-01   .263
"T" Ratio   10.5       11.6        3.4       -3.3

ALOGIT S & A (C) ALOGIT 4.3 serial 4357                        Page   7
                            Mandatory TourGeneration                            
 
 
Correlation of Estimates (multiplied by 1000)
 
            0002 0021 0023 0025 0026 0027 0028 0030 0031 0033 0041 0042 0043 0047 0048 0049 0050
Beta00021      7
Beta00023     28  -18
Beta00025      5    2  -75
Beta00026     58   34   -5   88
Beta00027      1   -1   55  -58   20
Beta00028     -4  -22  -88   36   23   64
Beta00030     15 -121  -14  -60 -375  -28   27
Beta00031    -37  -14  -80   27 -100  -20    5   35
Beta00033     -2  991   47   26   45   10   12  -92    8
Beta00041     -5   16 -211   -6  -12    5  -31  -18  -11  -12
Beta00042     15    3   13  633   62   11  -13  -49   12   21  -76
Beta00043     33   14   22   62  345    6  -12 -197  -49   19    3  118
Beta00047     14  -62    0  -53 -203   24  -24  537   18  -47  -41  -63 -330
Beta00048    -16   14   22  -44  -13  -13  -13   18   19   20  -43  -74 -300  -60
Beta00049    -32  -11  -63   16  -73    4   15   26  797    6  -17   29  -56   16   36
Beta00050     15   -4  191   -8    2   -8   52   -8  -12   11 -983   31  -13    2   30  -26
Beta00051     16    0    1    1    0  -44   29  -10    2    1  -71   31   -2  -97   -7   24   30
Beta00052     45  -33   26  -38   26    9  -14   18    5  -17  -14  -20  244   96 -843   23  -16
Beta00053     -2    1   11  -31   -9   87 -119    9   -2   -3  -22   15   49   86  -27  -26  -36
Beta00061     22  126  -28   53  -51    6   -2  134   20  110   27   40  -63   89  148   14   -9
Beta00062     40   11   53    1  -10  -17    9   -4  -13   14  -33    2    7    0  -85  -24   34
Beta00063     -8  -29    9   48   14  -14  -16   68  -11  -24   -6   49  -32   60   25  -14    1
Beta00065    -10  -17   -3  -12   17    4    0  -23    0  -15    0   -9   15  -15  -15    3   -3
Beta00066     94  -33   23  -87  544   24   11 -126  -96  -23  -15  -63  357  -80  -92  -74    4
Beta00067     38 -101   25 -110  -43   13    8   69  -42  -95  -10  -87   12   32 -107  -29    3
Beta00068     16  -74  -15   50 -140  -31   -9   31  -24  -79    8   33  -89    4   60  -22   -3
Beta00070    -34  -31  -42   32   21    5   -2  -17  614  -23   -1   13    2  -18  -55  515   -9
 
 
Correlation of Estimates (multiplied by 1000)
            (continued)
 
            0051 0052 0053 0061 0062 0063 0065 0066 0067 0068
Beta00052    -10
Beta00053   -147   32
Beta00061     -6 -176    0
Beta00062      8   78    2  -47
Beta00063      9  -23  -13 -116 -134
Beta00065     -1   21    0 -120 -123   20
Beta00066     -5  113    0 -320   14 -143   63
Beta00067     -2  124    5 -655  -53 -241   95  299
Beta00068      9  -66    4 -505 -275   36   63 -211  352
Beta00070     -4   53    1 -217   76 -152   24  -20  171   27
 
 
Convergence (option 3) value is    .1325E-03
 
INFORMATION 004: main estimation time      .14 secs.
 
INFORMATION 005: total run time is     2.02 secs.  Run at  7:54:07 on 17 Apr 13
 
INFORMATION 006: run time (hours:min:sec) is  0:00:02
