
ALOGIT S & A (C) ALOGIT 4.3 serial 4357                        Page   1
Licensed to: BB&C - Bowman                                               
 
                       PartialJointHalfTourChauffeurModel                       

C:..m Files\HCG Software\ALOGIT 4\alo4ec.exe 551424 b. Date:  4 Jan 13 at 23:44 
 
INFORMATION 246:   FILE  1 : first main file
C:..\HPartialJointHalfTourChauffeurModel.dat  82554 b. Date: 15 Mar 13 at 15:15
 
INFORMATION 163: control file completed:   214 lines
C:..\HPartialJointHalfTourChauffeurModel.alo   7547 b. Date: 15 Mar 13 at 15:15
 
Function defined in control file: PREP & ESTIM
 
WARNING 152: coefficient Beta00003  not used in model
 
WARNING 152: coefficient Beta00004  not used in model
 
WARNING 152: coefficient Beta00007  not used in model
 
WARNING 152: coefficient Beta00008  not used in model
 
WARNING 152: coefficient Beta00009  not used in model
 
WARNING 152: coefficient Beta00010  not used in model
 
WARNING 152: coefficient Beta00013  not used in model
 
WARNING 152: coefficient Beta00014  not used in model
 
WARNING 152: coefficient Beta00017  not used in model
 
WARNING 152: coefficient Beta00018  not used in model
 
WARNING 152: coefficient Beta00019  not used in model
 
WARNING 152: coefficient Beta00020  not used in model
 
WARNING 152: coefficient Beta00023  not used in model
 
WARNING 152: coefficient Beta00024  not used in model
 
WARNING 152: coefficient Beta00027  not used in model
 
WARNING 152: coefficient Beta00028  not used in model
 
WARNING 152: coefficient Beta00029  not used in model
 
WARNING 152: coefficient Beta00030  not used in model
 
WARNING 152: coefficient Beta00031  not used in model
 
WARNING 152: coefficient Beta00032  not used in model
 
WARNING 152: coefficient Beta00033  not used in model
 
WARNING 152: coefficient Beta00034  not used in model
 
WARNING 152: coefficient Beta00035  not used in model
 
WARNING 152: coefficient Beta00036  not used in model

ALOGIT S & A (C) ALOGIT 4.3 serial 4357                        Page   2
                       PartialJointHalfTourChauffeurModel                       
 
WARNING 152: coefficient Beta00037  not used in model
 
WARNING 152: coefficient Beta00038  not used in model
 
WARNING 152: coefficient Beta00039  not used in model
 
WARNING 152: coefficient Beta00040  not used in model
 
WARNING 152: coefficient Beta00041  not used in model
 
WARNING 152: coefficient Beta00042  not used in model
 
WARNING 152: coefficient Beta00043  not used in model
 
WARNING 152: coefficient Beta00044  not used in model
 
WARNING 152: coefficient Beta00045  not used in model
 
WARNING 152: coefficient Beta00046  not used in model
 
WARNING 152: coefficient Beta00047  not used in model
 
WARNING 152: coefficient Beta00048  not used in model
 
WARNING 152: coefficient Beta00049  not used in model
 
WARNING 152: coefficient Beta00050  not used in model
 
WARNING 152: coefficient Beta00051  not used in model
 
WARNING 152: coefficient Beta00052  not used in model
 
WARNING 152: coefficient Beta00053  not used in model
 
WARNING 152: coefficient Beta00054  not used in model
 
WARNING 152: coefficient Beta00055  not used in model
 
WARNING 152: coefficient Beta00056  not used in model
 
WARNING 152: coefficient Beta00057  not used in model
 
WARNING 152: coefficient Beta00058  not used in model
 
WARNING 152: coefficient Beta00059  not used in model
 
WARNING 152: coefficient Beta00060  not used in model
 
$GEN.STATS controls
 Utility components selected
    65 total items selected
 
$ESTIMATE controls
 Control present = T
 Estimation done = F
 Linear first    = T
 Estimate later  = F
 Accept error    = F
 

ALOGIT S & A (C) ALOGIT 4.3 serial 4357                        Page   3
                       PartialJointHalfTourChauffeurModel                       
 
$ALGOR controls
 Maximum iterations          =  20
 Convergence level           =   .100000E-01
 1st derivative perp. test   =   .100000E-05
 Function rate of increase   =  -999.900
 Matrix inversion tolerance  =   .100000E-02
 Step reduction factor       =   .150000
 Convergence option          =   3
 Maximum step-reducing loops =   4
 
 
REPORT OF COEFFICIENTS
 
Label      Con   Value      Type
-------    ---   -----      -----
FTW-Half1   T    .0000      Utility
PTW-Half1   F    .0000      Utility
Uni-Half1   F    .0000      Utility
HS--Half1   F    .0000      Utility
FTW-Half2   T    .0000      Utility
PTW-Half2   F    .0000      Utility
Uni-Half2   F    .0000      Utility
HS--Half2   F    .0000      Utility
FTWPaired   T    .0000      Utility
PTWPaired   T   -6.000      Utility
UniPaired   T   -6.000      Utility
HS-Paired   T   -6.000      Utility
 
INFORMATION 001: control file processing     1.45 secs.
 
OBSERVATION REJECTED 519:          1:   1.0 chosen and    .0 unchosen alts.
 
OBSERVATION REJECTED 519:          2:   1.0 chosen and    .0 unchosen alts.
 
OBSERVATION REJECTED 519:          3:   1.0 chosen and    .0 unchosen alts.
 
OBSERVATION REJECTED 519:          4:   1.0 chosen and    .0 unchosen alts.
 
OBSERVATION REJECTED 519:          5:   1.0 chosen and    .0 unchosen alts.
 
OBSERVATION REJECTED 519:          6:   1.0 chosen and    .0 unchosen alts.
 
OBSERVATION REJECTED 519:          7:   1.0 chosen and    .0 unchosen alts.
 
OBSERVATION REJECTED 518:          9: choice Alt.00002  unavailable
 
OBSERVATION REJECTED 519:         10:   1.0 chosen and    .0 unchosen alts.
 
OBSERVATION REJECTED 518:         11: choice Alt.00002  unavailable
 
OBSERVATION REJECTED 519:         12:   1.0 chosen and    .0 unchosen alts.
 
OBSERVATION REJECTED 519:         15:   1.0 chosen and    .0 unchosen alts.
 
OBSERVATION REJECTED 518:         16: choice Alt.00002  unavailable
 
OBSERVATION REJECTED 519:         17:   1.0 chosen and    .0 unchosen alts.
 
OBSERVATION REJECTED 519:         18:   1.0 chosen and    .0 unchosen alts.

ALOGIT S & A (C) ALOGIT 4.3 serial 4357                        Page   4
                       PartialJointHalfTourChauffeurModel                       
 
OBSERVATION REJECTED 519:         20:   1.0 chosen and    .0 unchosen alts.
 
OBSERVATION REJECTED 519:         21:   1.0 chosen and    .0 unchosen alts.
 
OBSERVATION REJECTED 519:         22:   1.0 chosen and    .0 unchosen alts.
 
OBSERVATION REJECTED 519:         23:   1.0 chosen and    .0 unchosen alts.
 
OBSERVATION REJECTED 519:         24:   1.0 chosen and    .0 unchosen alts.
 
OBSERVATION REJECTED 518:         25: choice Alt.00001  unavailable
 
OBSERVATION REJECTED 519:         26:   1.0 chosen and    .0 unchosen alts.
 
OBSERVATION REJECTED 519:         29:   1.0 chosen and    .0 unchosen alts.
 
OBSERVATION REJECTED 519:         30:   1.0 chosen and    .0 unchosen alts.
 
OBSERVATION REJECTED 519:         31:   1.0 chosen and    .0 unchosen alts.
 
INFORMATION 534: reached end of file   1 after      599 records
 
Data input completed after   599 records
 
Rejected   466 observations with unacceptable choices
 
 
FREQUENCY DISTRIBUTION OF ALTERNATIVE AVAILABILITY
(Total weight is     133.00 )
 
Alternative    Chosen    Unchosen    Avail.    Unavail.
-----------  ---------  ---------  ---------  ---------
Alt.00001       31.00      67.00      98.00      35.00
Alt.00002       60.00      45.00     105.00      28.00
Alt.00003       30.00      18.00      48.00      85.00
Alt.00004       12.00       5.00      17.00     116.00
Alt.00005         .00        .00        .00     133.00
 
 
RANGES OF INDEPENDENT VARIABLES
 
Coefficient   Chsn Min   Chsn Max   Diff Min   Diff Max
-----------  ---------  ---------  ---------  ---------
FTW-Half1         .00       2.00      -2.00       2.00
PTW-Half1         .00       2.00      -2.00       1.00
Uni-Half1         .00       1.00      -1.00       2.00
HS--Half1         .00       2.00      -2.00       2.00
FTW-Half2         .00       2.00      -2.00       2.00
PTW-Half2         .00       1.00      -1.00       1.00
Uni-Half2         .00       2.00      -2.00       1.00
HS--Half2         .00       2.00      -2.00       2.00
FTWPaired         .00       2.00      -2.00        .00
PTWPaired         .00       1.00        .00       2.00
UniPaired         .00        .00        .00       2.00
HS-Paired         .00        .00        .00       2.00

ALOGIT S & A (C) ALOGIT 4.3 serial 4357                        Page   5
                       PartialJointHalfTourChauffeurModel                       
 
 
SELECTED STATISTICS
 
 
Alternative Alt.00001  avail. for        98.00 obs.
 
Coefficient  Data Item  % Non-Zero  Minimum  Maximum  Average  Std. Dev.
-----------  ---------  ----------  -------  -------  -------  ---------
FTW-Half1    Temp 0001       14.29      .00     2.00     1.21        .41
PTW-Half1    Temp 0003        1.02      .00     1.00     1.00        .00
Uni-Half1    Temp 0004        6.12      .00     2.00     1.17        .37
HS--Half1    Temp 0005       22.45      .00     2.00     1.32        .47
FTW-Half2    Temp 0006       10.20      .00     1.00     1.00        .00
PTW-Half2    Temp 0007         .00
Uni-Half2    Temp 0008        2.04      .00     1.00     1.00        .00
HS--Half2    Temp 0009        8.16      .00     2.00     1.25        .43
FTWPaired    Temp 0010       31.63      .00     2.00     1.35        .48
PTWPaired    Temp 0011        1.02      .00     1.00     1.00        .00
UniPaired    Temp 0012        2.04      .00     2.00     1.50        .50
HS-Paired    Temp 0013        2.04      .00     1.00     1.00        .00
             0                 .00
 
 
Alternative Alt.00002  avail. for       105.00 obs.
 
Coefficient  Data Item  % Non-Zero  Minimum  Maximum  Average  Std. Dev.
-----------  ---------  ----------  -------  -------  -------  ---------
FTW-Half1    Temp 0038       26.67      .00     2.00     1.21        .41
PTW-Half1    Temp 0039        2.86      .00     2.00     1.33        .47
Uni-Half1    Temp 0040        3.81      .00     1.00     1.00        .00
HS--Half1    Temp 0041       10.48      .00     2.00     1.18        .39
FTW-Half2    Temp 0042       12.38      .00     2.00     1.08        .27
PTW-Half2    Temp 0043         .00
Uni-Half2    Temp 0044        1.90      .00     2.00     1.50        .50
HS--Half2    Temp 0045        6.67      .00     2.00     1.14        .35
FTWPaired    Temp 0046       34.29      .00     2.00     1.31        .46
PTWPaired    Temp 0047        3.81      .00     2.00     1.25        .43
UniPaired    Temp 0048         .00
HS-Paired    Temp 0026         .95      .00     2.00     2.00        .00
             0                 .00
 
 
Alternative Alt.00003  avail. for        48.00 obs.
 
Coefficient  Data Item  % Non-Zero  Minimum  Maximum  Average  Std. Dev.
-----------  ---------  ----------  -------  -------  -------  ---------
FTW-Half1    Temp 0073       43.75      .00     2.00     1.14        .35
PTW-Half1    Temp 0074        6.25      .00     2.00     1.33        .47
Uni-Half1    Temp 0075         .00
HS--Half1    Temp 0076       12.50      .00     2.00     1.17        .37
FTW-Half2    Temp 0077       29.17      .00     2.00     1.21        .41
PTW-Half2    Temp 0078         .00
Uni-Half2    Temp 0079         .00
HS--Half2    Temp 0080         .00
FTWPaired    Temp 0081       10.42      .00     2.00     1.20        .40
PTWPaired    Temp 0082         .00
UniPaired    Temp 0083         .00
HS-Paired    Temp 0061         .00
             0                 .00
 

ALOGIT S & A (C) ALOGIT 4.3 serial 4357                        Page   6
                       PartialJointHalfTourChauffeurModel                       
 
Alternative Alt.00004  avail. for        17.00 obs.
 
Coefficient  Data Item  % Non-Zero  Minimum  Maximum  Average  Std. Dev.
-----------  ---------  ----------  -------  -------  -------  ---------
FTW-Half1    Temp 0108       58.82      .00     2.00     1.10        .30
PTW-Half1    Temp 0109       11.76      .00     1.00     1.00        .00
Uni-Half1    Temp 0110         .00
HS--Half1    Temp 0111         .00
FTW-Half2    Temp 0112       23.53      .00     1.00     1.00        .00
PTW-Half2    Temp 0113       11.76      .00     1.00     1.00        .00
Uni-Half2    Temp 0114         .00
HS--Half2    Temp 0115         .00
FTWPaired    Temp 0116         .00
PTWPaired    Temp 0117         .00
UniPaired    Temp 0118         .00
HS-Paired    Temp 0096         .00
             0                 .00
 
 
Alternative Alt.00005  avail. for          .00 obs.
 
Coefficient  Data Item  % Non-Zero  Minimum  Maximum  Average  Std. Dev.
-----------  ---------  ----------  -------  -------  -------  ---------
FTW-Half1    Temp 0143         .00
PTW-Half1    Temp 0144         .00
Uni-Half1    Temp 0145         .00
HS--Half1    Temp 0146         .00
FTW-Half2    Temp 0147         .00
PTW-Half2    Temp 0131         .00
Uni-Half2    Temp 0148         .00
HS--Half2    Temp 0149         .00
FTWPaired    Temp 0150         .00
PTWPaired    Temp 0151         .00
UniPaired    Temp 0152         .00
HS-Paired    Temp 0153         .00
             0                 .00
 
INFORMATION 002: data processing time      .02 secs.
 
C:..\HPartialJointHalfTourChauffeurModel.F11   7083 b. Date: 15 Mar 13 at 15:22
 
INFORMATION 603: linear ("Quick") algorithm being used
Iteration  1  Function =    -87.4667   Conv.(3) = 5.37
Iteration  2  Function =    -70.1408   Conv.(3) = 1.61
Iteration  3  Function =    -68.5784   Conv.(3) = .442
Iteration  4  Function =    -68.4721   Conv.(3) = .422E-01
Iteration  5  Function =    -68.4711   Conv.(3) = .416E-03

ALOGIT S & A (C) ALOGIT 4.3 serial 4357                        Page   7
                       PartialJointHalfTourChauffeurModel                       
 
Convergence achieved after   5 iterations
 
Analysis is based on    133 observations
 
 
Likelihood with Zero Coefficients =    -92.9995
 
Likelihood with Constants only    =    -87.5371
 
Initial Likelihood                =    -87.4667
 
 
Final value of Likelihood         =    -68.4711
 
 
   "Rho-Squared" w.r.t. Zero      =  .2637
 
   "Rho-Squared" w.r.t. Constants =  .2178
 
 
 
ESTIMATES OBTAINED AT ITERATION  5
 
 
Likelihood =    -68.4711
 
 
          FTW-Half1  PTW-Half1  Uni-Half1  HS--Half1  FTW-Half2  PTW-Half2  Uni-Half2  HS--Half2
 
 Estimate   .0000      1.075     -.8821     -1.923      .0000     -2.558      .5176     -1.059
Std. Error   .000       1.04       .748       .512       .000       2.01       1.17       .612
"T" Ratio     .0        1.0       -1.2       -3.8         .0       -1.3         .4       -1.7
 
 
          FTWPaired  PTWPaired  UniPaired  HS-Paired
 
 Estimate   .0000     -6.000     -6.000     -6.000
Std. Error   .000       .000       .000       .000
"T" Ratio     .0         .0         .0         .0
 
 
Correlation of Estimates (multiplied by 1000)
 
            FTW- PTW- Uni- HS-- FTW- PTW- Uni- HS-- FTWP PTWP UniP
PTW-Half1   9999
Uni-Half1   9999    3
HS--Half1   9999   93   36
FTW-Half2   9999 9999 9999 9999
PTW-Half2   9999 -248    4  103 9999
Uni-Half2   9999    0    0    0 9999   62
HS--Half2   9999    0    0    0 9999  305  205
FTWPaired   9999 9999 9999 9999 9999 9999 9999 9999
PTWPaired   9999 9999 9999 9999 9999 9999 9999 9999 9999
UniPaired   9999 9999 9999 9999 9999 9999 9999 9999 9999 9999
HS-Paired   9999 9999 9999 9999 9999 9999 9999 9999 9999 9999 9999
 
 
Convergence (option 3) value is    .4157E-03

ALOGIT S & A (C) ALOGIT 4.3 serial 4357                        Page   8
                       PartialJointHalfTourChauffeurModel                       
 
INFORMATION 004: main estimation time      .00 secs.
 
INFORMATION 005: total run time is     1.52 secs.  Run at 15:22:11 on 15 Mar 13
 
INFORMATION 006: run time (hours:min:sec) is  0:00:02
