ALOGIT S & A (C) ALOGIT 4.3 serial 4393
Licensed to: Pudget Sound Regional Council                               
 
WorkAtHomeModel                                                                

C:.. (x86)\HCG Software\ALOGIT 4\Alo4nec.exe 551424 b. Date:  4 Jan 13 at 15:23 
 
INFORMATION 246:   FILE  1 : first main file
C:..psrc_2.1\estimation\HWorkAtHomeModel.dat 670088 b. Date:  5 Feb 13 at 12:04
 
INFORMATION 163: control file completed:   116 lines
C:..psrc_2.1\estimation\HWorkAtHomeModel.alo   3784 b. Date:  5 Feb 13 at 12:04
 
Function defined in control file: PREP & ESTIM
 
WARNING 152: coefficient Beta00005  not used in model
 
WARNING 152: coefficient Beta00006  not used in model
 
WARNING 152: coefficient Beta00009  not used in model
 
WARNING 152: coefficient Beta00011  not used in model
 
WARNING 152: coefficient Beta00013  not used in model
 
WARNING 152: coefficient Beta00015  not used in model
 
WARNING 152: coefficient Beta00016  not used in model
 
WARNING 152: coefficient Beta00021  not used in model
 
WARNING 152: coefficient Beta00022  not used in model
 
WARNING 152: coefficient Beta00025  not used in model
 
WARNING 152: coefficient Beta00026  not used in model
 
WARNING 152: coefficient Beta00027  not used in model
 
WARNING 152: coefficient Beta00028  not used in model
 
WARNING 152: coefficient Beta00029  not used in model
 
WARNING 152: coefficient Beta00030  not used in model
 
WARNING 152: coefficient Beta00032  not used in model
 
WARNING 152: coefficient Beta00034  not used in model
 
WARNING 152: coefficient Beta00037  not used in model
 
WARNING 152: coefficient Beta00038  not used in model
 
WARNING 152: coefficient Beta00041  not used in model
 
WARNING 152: coefficient Beta00042  not used in model
 
WARNING 152: coefficient Beta00043  not used in model
 
WARNING 152: coefficient Beta00044  not used in model
 
WARNING 152: coefficient Beta00045  not used in model
 
WARNING 152: coefficient Beta00046  not used in model
 
WARNING 152: coefficient Beta00047  not used in model
 
WARNING 152: coefficient Beta00048  not used in model
 
WARNING 152: coefficient Beta00049  not used in model
 
WARNING 152: coefficient Beta00050  not used in model
 
WARNING 152: coefficient Beta00051  not used in model
 
WARNING 152: coefficient Beta00052  not used in model
 
WARNING 152: coefficient Beta00053  not used in model
 
WARNING 152: coefficient Beta00054  not used in model
 
WARNING 152: coefficient Beta00055  not used in model
 
WARNING 152: coefficient Beta00056  not used in model
 
WARNING 152: coefficient Beta00057  not used in model
 
WARNING 152: coefficient Beta00058  not used in model
 
WARNING 152: coefficient Beta00059  not used in model
 
WARNING 152: coefficient Beta00060  not used in model
 
WARNING 152: coefficient Beta00063  not used in model
 
WARNING 152: coefficient Beta00069  not used in model
 
WARNING 152: coefficient Beta00072  not used in model
 
WARNING 152: coefficient Beta00073  not used in model
 
WARNING 152: coefficient Beta00075  not used in model
 
WARNING 152: coefficient Beta00076  not used in model
 
WARNING 152: coefficient Beta00077  not used in model
 
WARNING 152: coefficient Beta00083  not used in model
 
$GEN.STATS controls
 Utility components selected
    21 total items selected
 
$ESTIMATE controls
 Control present = T
 Estimation done = F
 Linear first    = T
 Estimate later  = F
 Accept error    = F
 
 
$ALGOR controls
 Maximum iterations          =  20
 Convergence level           =   .100000E-01
 1st derivative perp. test   =   .100000E-05
 Function rate of increase   =  -999.900
 Matrix inversion tolerance  =   .100000E-02
 Step reduction factor       =   .150000
 Convergence option          =   3
 Maximum step-reducing loops =   4
 
 
REPORT OF COEFFICIENTS
 
Label      Con   Value      Type
-------    ---   -----      -----
Beta00001   F    .0000      Utility
Beta00002   F    .0000      Utility
Beta00003   F    .0000      Utility
Beta00004   F    .0000      Utility
Beta00007   F    .0000      Utility
Beta00008   F    .0000      Utility
Beta00010   F    .0000      Utility
Beta00012   F    .0000      Utility
Beta00014   F    .0000      Utility
Beta00017   F    .0000      Utility
Beta00018   F    .0000      Utility
Beta00019   F    .0000      Utility
Beta00020   F    .0000      Utility
Beta00023   F    .0000      Utility
Beta00024   F    .0000      Utility
Beta00031   F    .0000      Utility
Beta00035   F    .0000      Utility
Beta00036   F    .0000      Utility
 
INFORMATION 001: control file processing      .16 secs.
 
INFORMATION 534: reached end of file   1 after    10366 records
 
Data input completed after 10366 records
 
 
FREQUENCY DISTRIBUTION OF ALTERNATIVE AVAILABILITY
(Total weight is   10366.00 )
 
Alternative    Chosen    Unchosen    Avail.    Unavail.
-----------  ---------  ---------  ---------  ---------
Alt.00001     9854.00     512.00   10366.00        .00
Alt.00002      512.00    9854.00   10366.00        .00
 
 
RANGES OF INDEPENDENT VARIABLES
 
Coefficient   Chsn Min   Chsn Max   Diff Min   Diff Max
-----------  ---------  ---------  ---------  ---------
Beta00001         .00       2.00      -2.00       2.00
Beta00002         .00       2.00      -2.00       2.00
Beta00003         .00       2.00      -2.00       2.00
Beta00004         .00       2.00      -2.00       2.00
Beta00007         .00       2.00      -2.00       2.00
Beta00008         .00       2.00      -2.00       2.00
Beta00010         .00       6.00      -6.00       8.00
Beta00012         .00       4.00      -4.00      10.00
Beta00014         .00       2.00      -2.00       2.00
Beta00017         .00      10.00     -10.00       8.00
Beta00018       -2.00       2.00      -2.00       2.00
Beta00019         .00       1.00      -1.00       2.00
Beta00020         .00       2.00      -2.00       2.00
Beta00023       -5.55       8.18     -13.25      15.56
Beta00024         .00       2.00      -2.00       2.00
Beta00031         .00       2.00      -2.00       2.00
Beta00035         .00       2.00      -2.00       2.00
Beta00036         .00       2.00      -2.00       2.00
 
 
SELECTED STATISTICS
 
 
Alternative Alt.00001  avail. for     10366.00 obs.
 
Coefficient  Data Item  % Non-Zero  Minimum  Maximum  Average  Std. Dev.
-----------  ---------  ----------  -------  -------  -------  ---------
Beta00001    Temp 0001         .00
             0                 .00
 
 
Alternative Alt.00002  avail. for     10366.00 obs.
 
Coefficient  Data Item  % Non-Zero  Minimum  Maximum  Average  Std. Dev.
-----------  ---------  ----------  -------  -------  -------  ---------
Beta00001    Temp 0004      100.00     1.00     2.00     1.19        .39
Beta00002    Temp 0005       17.40      .00     2.00     1.15        .36
Beta00003    Temp 0006       13.20      .00     2.00     1.13        .33
Beta00004    Temp 0007       13.17      .00     2.00     1.07        .25
Beta00007    Temp 0008        8.08      .00     2.00     1.15        .36
Beta00008    Temp 0009        7.70      .00     2.00     1.20        .40
Beta00010    Temp 0010       61.88      .00     8.00     1.79       1.01
Beta00012    Temp 0011       21.17      .00    10.00     1.50        .94
Beta00014    Temp 0012       51.53      .00     2.00     1.20        .40
Beta00017    Temp 0013       24.52      .00    10.00     1.78       1.03
Beta00018    Temp 0014      100.00    -2.00     2.00     -.80        .96
Beta00019    Temp 0015         .37      .00     2.00     1.18        .39
Beta00020    Temp 0016        2.62      .00     2.00     1.39        .49
Beta00023    Temp 0017       83.58   -13.25    15.56     1.37       1.82
Beta00024    Temp 0018        3.34      .00     2.00     1.18        .38
Beta00031    Temp 0019       17.42      .00     2.00     1.16        .37
Beta00035    Temp 0020        4.50      .00     2.00     1.19        .39
Beta00036    Temp 0021        8.35      .00     2.00     1.25        .43
             0                 .00
 
INFORMATION 002: data processing time      .20 secs.
 
C:..psrc_2.1\estimation\HWorkAtHomeModel.F11 746441 b. Date:  5 Feb 13 at 12:12
 
INFORMATION 603: linear ("Quick") algorithm being used
Iteration  1  Function =  -7185.1637   Conv.(3) = 34.1
Iteration  2  Function =  -2606.1364   Conv.(3) = 14.1
Iteration  3  Function =  -1896.4959   Conv.(3) = 8.99
Iteration  4  Function =  -1721.5618   Conv.(3) = 4.30
Iteration  5  Function =  -1695.5697   Conv.(3) = 1.11
Iteration  6  Function =  -1694.3389   Conv.(3) = .932E-01
Iteration  7  Function =  -1694.3325   Conv.(3) = .801E-03
 
 
Convergence achieved after   7 iterations
 
Analysis is based on  10366 observations
 
 
Likelihood with Zero Coefficients =  -7185.1637
 
Likelihood with Constants only    =  -2039.2186
 
Initial Likelihood                =  -7185.1637
 
 
Final value of Likelihood         =  -1694.3325
 
 
   "Rho-Squared" w.r.t. Zero      =  .7642
 
   "Rho-Squared" w.r.t. Constants =  .1691
 
 
 
ESTIMATES OBTAINED AT ITERATION  7
 
 
Likelihood =  -1694.3325
 
 
          Beta00001  Beta00002  Beta00003  Beta00004  Beta00007  Beta00008
 
 Estimate  -1.982     -.5346     -.7991      .7365     -.9739     -.2157
Std. Error   .982E-01   .120       .162       .111       .272       .185
"T" Ratio  -20.2       -4.5       -4.9        6.6       -3.6       -1.2
 
 
          Beta00010  Beta00012  Beta00014  Beta00017  Beta00018  Beta00019
 
 Estimate  -.3368     -.1940     -.1080      .2834      .8771      1.742
Std. Error   .575E-01   .847E-01   .903E-01   .741E-01   .552E-01   .459
"T" Ratio   -5.9       -2.3       -1.2        3.8       15.9        3.8
 
 
          Beta00020  Beta00023  Beta00024  Beta00031  Beta00035  Beta00036
 
 Estimate  -.2897     -.1503     -.5349      .3975      .8679     -.5298
Std. Error   .288       .496E-01   .365       .115       .121       .243
"T" Ratio   -1.0       -3.0       -1.5        3.4        7.2       -2.2
 
 
Correlation of Estimates (multiplied by 1000)
 
            0001 0002 0003 0004 0007 0008 0010 0012 0014 0017 0018 0019 0020
Beta00002   -210
Beta00003   -221   20
Beta00004   -316 -197  283
Beta00007    -54   -1  -17    5
Beta00008   -115   14  -31  -20   57
Beta00010   -373  -65   28   65  -51  -22
Beta00012   -220  -21 -131   -7  -65   -3  290
Beta00014   -544  234   15   41    8   19   15  -22
Beta00017     97    9    1 -122   73   45 -658 -264  -51
Beta00018     -9  -74 -181 -270    6   24   79   28  -14  -69
Beta00019     47  -32 -110 -155   10   25   14   -2  -39   -6  103
Beta00020    -99  -47   19   -4  -29    2   75   38   34   -8    6    7
Beta00023   -247  -24   30   13    6    2   26   20   61  -29  428 -121   38
Beta00024    -31  -45   25   43  -94  -54  -17   -5   -9  -10  -10   -4    5
Beta00031    -50  -18  -37  -60  -58  -67 -206 -125  -42  180  -27   34  -78
Beta00035   -193  -28 -127 -120   26   55   24   74   48   55 -209   27  -40
Beta00036   -154   48   20   22   -6   -4   39   15   56    0   53   19  -29
 
 
Correlation of Estimates (multiplied by 1000)
            (continued)
 
            0023 0024 0031 0035
Beta00024     -3
Beta00031    -83   17
Beta00035    -62  -14  -18
Beta00036     -3  -12  -81   65
 
 
Convergence (option 3) value is    .8015E-03
 
INFORMATION 004: main estimation time      .17 secs.
 
INFORMATION 005: total run time is     2.14 secs.  Run at 12:12:16 on  5 Feb 13
 
INFORMATION 006: run time (hours:min:sec) is  0:00:02
